<?xml version="1.0" encoding="UTF-8"?>
<!-- Generated by org.testng.reporters.JUnitReportReporter -->
<testsuite hostname="BMT-LAP-244" failures="0" tests="1" name="testcase.TestLogin" time="21.070" errors="0" timestamp="2023-08-03T15:28:20 IST" skipped="0">
  <testcase classname="testcase.TestLogin" name="loginUsingInValidCredentials" time="21.070"/>
</testsuite> <!-- testcase.TestLogin -->
