<?xml version="1.0" encoding="UTF-8"?>
<!-- Generated by org.testng.reporters.JUnitReportReporter -->
<testsuite hostname="BMT-LAP-244" failures="0" tests="3" name="com.binmile.automate.appium.testcase.login.TestLogin" time="48.216" errors="0" timestamp="2023-08-07T12:19:43 IST" skipped="0">
  <testcase classname="com.binmile.automate.appium.testcase.login.TestLogin" name="testUserLogin" time="26.196"/>
  <testcase classname="com.binmile.automate.appium.testcase.login.TestLogin" name="testUserLogin" time="10.663"/>
  <testcase classname="com.binmile.automate.appium.testcase.login.TestLogin" name="testUserLogin" time="11.357"/>
</testsuite> <!-- com.binmile.automate.appium.testcase.login.TestLogin -->
